2026-01-22 14:27:57,815 - INFO - ================================================================================
2026-01-22 14:27:57,993 - INFO - ================================================================================
2026-01-22 14:27:59,578 - INFO - Browser initialized successfully
2026-01-22 14:27:59,579 - INFO - Scraping GMP data from chittorgarh_gmp...
2026-01-22 14:28:07,013 - INFO - Fetching https://www.chittorgarh.com/report/ipo-grey-market-premium-gmp-current-rate/83/ (attempt 1/3)
2026-01-22 14:28:14,866 - INFO - Successfully fetched 151893 bytes
2026-01-22 14:28:15,091 - WARNING - Could not find GMP table
2026-01-22 14:28:15,094 - INFO - Scraping subscription data from chittorgarh_subscription...
2026-01-22 14:28:21,723 - INFO - Fetching https://www.chittorgarh.com/ipo/ipo_subscription_status_live.asp (attempt 1/3)
2026-01-22 14:28:22,061 - WARNING - Got status 404
2026-01-22 14:28:40,634 - INFO - Fetching https://www.chittorgarh.com/ipo/ipo_subscription_status_live.asp (attempt 2/3)
2026-01-22 14:28:40,943 - WARNING - Got status 404
2026-01-22 14:29:27,835 - INFO - Fetching https://www.chittorgarh.com/ipo/ipo_subscription_status_live.asp (attempt 3/3)
2026-01-22 14:29:28,108 - WARNING - Got status 404
2026-01-22 14:29:28,118 - ERROR - Failed to fetch https://www.chittorgarh.com/ipo/ipo_subscription_status_live.asp after 3 attempts
2026-01-22 14:29:28,118 - INFO - Scraping dates from chittorgarh_dates...
2026-01-22 14:29:28,118 - INFO - Taking extended break (simulating reading)
2026-01-22 14:29:43,514 - INFO - Fetching https://www.chittorgarh.com/ipo/ipo_dashboard.asp (attempt 1/3)
2026-01-22 14:29:46,822 - INFO - Successfully fetched 157195 bytes
2026-01-22 14:29:46,980 - INFO - Browser closed
2026-01-22 14:35:57,685 - INFO - ================================================================================
2026-01-22 14:35:57,685 - INFO - [*] Starting FREE IPO Scraper...
2026-01-22 14:35:57,685 - INFO - ================================================================================
2026-01-22 14:35:58,417 - INFO - Browser initialized successfully
2026-01-22 14:35:58,418 - INFO - Scraping GMP data from chittorgarh_gmp...
2026-01-22 14:36:04,814 - INFO - Fetching https://www.chittorgarh.com/report/ipo-grey-market-premium-gmp-current-rate/83/ (attempt 1/3)
2026-01-22 14:36:06,448 - INFO - Successfully fetched 197644 bytes
2026-01-22 14:36:06,512 - INFO - [OK] Scraped 3 IPOs from chittorgarh_gmp
2026-01-22 14:36:06,513 - INFO - Scraping subscription data from chittorgarh_subscription...
2026-01-22 14:36:13,371 - INFO - Fetching https://www.chittorgarh.com/ipo/ipo_subscription_status_live.asp (attempt 1/3)
2026-01-22 14:36:13,678 - WARNING - Got status 404
2026-01-22 14:36:29,378 - INFO - Fetching https://www.chittorgarh.com/ipo/ipo_subscription_status_live.asp (attempt 2/3)
2026-01-22 14:36:29,747 - WARNING - Got status 404
2026-01-22 14:37:09,992 - INFO - Fetching https://www.chittorgarh.com/ipo/ipo_subscription_status_live.asp (attempt 3/3)
2026-01-22 14:37:10,290 - WARNING - Got status 404
2026-01-22 14:37:10,298 - ERROR - Failed to fetch https://www.chittorgarh.com/ipo/ipo_subscription_status_live.asp after 3 attempts
2026-01-22 14:37:10,298 - INFO - Scraping dates from chittorgarh_dates...
2026-01-22 14:37:10,299 - INFO - Taking extended break (simulating reading)
2026-01-22 14:37:30,180 - INFO - Fetching https://www.chittorgarh.com/ipo/ipo_dashboard.asp (attempt 1/3)
2026-01-22 14:37:33,689 - INFO - Successfully fetched 157348 bytes
2026-01-22 14:37:33,824 - INFO - [OK] Scraped 20 IPOs from chittorgarh_dates
2026-01-22 14:37:33,824 - INFO - 
[UPLOAD] Uploading 21 IPOs to Supabase...
2026-01-22 14:37:35,573 - INFO - HTTP Request: POST https://ursmmtopuompthdnxznz.supabase.co/rest/v1/ipos?on_conflict=slug&columns=%22lot_size%22%2C%22updated_at%22%2C%22category%22%2C%22scrape_source%22%2C%22gmp_amount%22%2C%22max_price%22%2C%22gmp_updated_at%22%2C%22last_scraped_at%22%2C%22status%22%2C%22company_name%22%2C%22ipo_name%22%2C%22issue_size_cr%22%2C%22data_quality_score%22%2C%22slug%22 "HTTP/2 403 Forbidden"
2026-01-22 14:37:35,579 - ERROR - [ERROR] Fatal error: {'message': 'permission denied for schema public', 'code': '42501', 'hint': None, 'details': None}
2026-01-22 14:37:35,661 - INFO - Browser closed
2026-01-22 14:45:03,253 - INFO - ================================================================================
2026-01-22 14:45:03,255 - INFO - [*] Starting FREE IPO Scraper...
2026-01-22 14:45:03,255 - INFO - ================================================================================
2026-01-22 14:45:05,307 - INFO - Browser initialized successfully
2026-01-22 14:45:05,308 - INFO - Scraping GMP data from chittorgarh_gmp...
2026-01-22 14:45:11,674 - INFO - Fetching https://www.chittorgarh.com/report/ipo-grey-market-premium-gmp-current-rate/83/ (attempt 1/3)
2026-01-22 14:45:18,378 - INFO - Successfully fetched 199185 bytes
2026-01-22 14:45:18,502 - INFO - [OK] Scraped 3 IPOs from chittorgarh_gmp
2026-01-22 14:45:18,503 - INFO - Scraping subscription data from chittorgarh_subscription...
2026-01-22 14:45:22,401 - INFO - Fetching https://www.chittorgarh.com/report/ipo-subscription-status-live-bidding-data-bse-nse/21/ (attempt 1/3)
2026-01-22 14:45:24,222 - INFO - Successfully fetched 144440 bytes
2026-01-22 14:45:24,318 - INFO - [OK] Scraped 3 IPOs from chittorgarh_subscription
2026-01-22 14:45:24,319 - INFO - Scraping dates from chittorgarh_dates...
2026-01-22 14:45:28,831 - INFO - Fetching https://www.chittorgarh.com/ipo/ipo_dashboard.asp (attempt 1/3)
2026-01-22 14:45:30,684 - INFO - Successfully fetched 155965 bytes
2026-01-22 14:45:30,881 - INFO - [OK] Scraped 20 IPOs from chittorgarh_dates
2026-01-22 14:45:30,883 - INFO - 
[UPLOAD] Uploading 21 IPOs to Supabase...
2026-01-22 14:45:32,831 - INFO - HTTP Request: POST https://ursmmtopuompthdnxznz.supabase.co/rest/v1/ipos?on_conflict=slug&columns=%22gmp_amount%22%2C%22lot_size%22%2C%22data_quality_score%22%2C%22company_name%22%2C%22category%22%2C%22scrape_source%22%2C%22updated_at%22%2C%22issue_size_cr%22%2C%22subscription_nii%22%2C%22last_scraped_at%22%2C%22subscription_updated_at%22%2C%22slug%22%2C%22ipo_name%22%2C%22status%22%2C%22subscription_retail%22%2C%22subscription_total%22%2C%22subscription_qib%22%2C%22gmp_updated_at%22%2C%22max_price%22 "HTTP/2 401 Unauthorized"
2026-01-22 14:45:32,836 - ERROR - [ERROR] Fatal error: {'message': 'permission denied for table ipos', 'code': '42501', 'hint': None, 'details': None}
2026-01-22 14:45:32,984 - INFO - Browser closed
2026-01-22 15:01:32,329 - INFO - ================================================================================
2026-01-22 15:01:32,329 - INFO - [*] Starting FREE IPO Scraper...
2026-01-22 15:01:32,329 - INFO - ================================================================================
2026-01-22 15:01:32,864 - INFO - Browser initialized successfully
2026-01-22 15:01:32,864 - INFO - Scraping GMP data from chittorgarh_gmp...
2026-01-22 15:01:40,111 - INFO - Fetching https://www.chittorgarh.com/report/ipo-grey-market-premium-gmp-current-rate/83/ (attempt 1/3)
2026-01-22 15:01:46,878 - INFO - Successfully fetched 199173 bytes
2026-01-22 15:01:47,005 - INFO - [OK] Scraped 3 IPOs from chittorgarh_gmp
2026-01-22 15:01:47,006 - INFO - Scraping subscription data from chittorgarh_subscription...
2026-01-22 15:01:52,622 - INFO - Fetching https://www.chittorgarh.com/report/ipo-subscription-status-live-bidding-data-bse-nse/21/ (attempt 1/3)
2026-01-22 15:01:54,486 - INFO - Successfully fetched 144440 bytes
2026-01-22 15:01:54,583 - INFO - [OK] Scraped 3 IPOs from chittorgarh_subscription
2026-01-22 15:01:54,584 - INFO - Scraping dates from chittorgarh_dates...
2026-01-22 15:02:00,247 - INFO - Fetching https://www.chittorgarh.com/ipo/ipo_dashboard.asp (attempt 1/3)
2026-01-22 15:02:03,096 - INFO - Successfully fetched 157066 bytes
2026-01-22 15:02:03,170 - INFO - [OK] Scraped 20 IPOs from chittorgarh_dates
2026-01-22 15:02:03,171 - INFO - 
[UPLOAD] Uploading 21 IPOs to Supabase...
2026-01-22 15:02:04,361 - INFO - HTTP Request: POST https://ursmmtopuompthdnxznz.supabase.co/rest/v1/ipos?on_conflict=slug&columns=%22data_quality_score%22%2C%22subscription_retail%22%2C%22category%22%2C%22company_name%22%2C%22gmp_amount%22%2C%22max_price%22%2C%22subscription_nii%22%2C%22subscription_total%22%2C%22scrape_source%22%2C%22subscription_updated_at%22%2C%22slug%22%2C%22last_scraped_at%22%2C%22issue_size_cr%22%2C%22lot_size%22%2C%22subscription_qib%22%2C%22updated_at%22%2C%22gmp_updated_at%22%2C%22ipo_name%22%2C%22status%22 "HTTP/2 401 Unauthorized"
2026-01-22 15:02:04,362 - ERROR - [ERROR] Fatal error: {'message': 'permission denied for table ipos', 'code': '42501', 'hint': None, 'details': None}
2026-01-22 15:02:04,452 - INFO - Browser closed
2026-01-22 15:12:24,218 - INFO - ================================================================================
2026-01-22 15:12:24,218 - INFO - [*] Starting FREE IPO Scraper...
2026-01-22 15:12:24,219 - INFO - ================================================================================
2026-01-22 15:12:24,761 - INFO - Browser initialized successfully
2026-01-22 15:12:24,761 - INFO - Scraping GMP data from chittorgarh_gmp...
2026-01-22 15:12:32,376 - INFO - Fetching https://www.chittorgarh.com/report/ipo-grey-market-premium-gmp-current-rate/83/ (attempt 1/3)
2026-01-22 15:12:38,612 - INFO - Successfully fetched 198527 bytes
2026-01-22 15:12:38,674 - INFO - [OK] Scraped 3 IPOs from chittorgarh_gmp
2026-01-22 15:12:38,674 - INFO - Scraping subscription data from chittorgarh_subscription...
2026-01-22 15:12:43,020 - INFO - Fetching https://www.chittorgarh.com/report/ipo-subscription-status-live-bidding-data-bse-nse/21/ (attempt 1/3)
2026-01-22 15:12:46,290 - INFO - Successfully fetched 145660 bytes
2026-01-22 15:12:46,338 - INFO - [OK] Scraped 3 IPOs from chittorgarh_subscription
2026-01-22 15:12:46,338 - INFO - Scraping dates from chittorgarh_dates...
2026-01-22 15:12:50,220 - INFO - Fetching https://www.chittorgarh.com/ipo/ipo_dashboard.asp (attempt 1/3)
2026-01-22 15:12:52,835 - INFO - Successfully fetched 155882 bytes
2026-01-22 15:12:52,901 - INFO - [OK] Scraped 20 IPOs from chittorgarh_dates
2026-01-22 15:12:52,902 - INFO - 
[UPLOAD] Uploading 21 IPOs to Supabase...
2026-01-22 15:12:53,483 - INFO - HTTP Request: POST https://ursmmtopuompthdnxznz.supabase.co/rest/v1/ipos?on_conflict=slug&columns=%22company_name%22%2C%22subscription_qib%22%2C%22subscription_updated_at%22%2C%22data_quality_score%22%2C%22subscription_nii%22%2C%22gmp_amount%22%2C%22scrape_source%22%2C%22subscription_retail%22%2C%22slug%22%2C%22lot_size%22%2C%22issue_size_cr%22%2C%22status%22%2C%22max_price%22%2C%22category%22%2C%22ipo_name%22%2C%22subscription_total%22%2C%22updated_at%22%2C%22gmp_updated_at%22%2C%22last_scraped_at%22 "HTTP/2 400 Bad Request"
2026-01-22 15:12:53,485 - ERROR - [ERROR] Fatal error: {'message': 'null value in column "open_date" of relation "ipos" violates not-null constraint', 'code': '23502', 'hint': None, 'details': "Failing row contains (9, Amagi Media Labs Ltd. IPO, Amagi Media Labs Ltd., amagi-media-labs, Mainboard, upcoming, 4.0, null, 13, 1, 13, null, null, null, null, 16, 0.00, 2026-01-22 15:12:38.674251+00, 0, 16.0, 1788.62, 33.13, 26.29, 2026-01-22 15:12:46.337955+00, null, null, null, null, null, null, null, null, null, null, null, null, null, null, null, null, f, 0, null, null, 2026-01-22 09:42:52.499504+00, 2026-01-22 15:12:52.902227+00, 'amagi':1A,5A 'ipo':9A 'lab':3A,7A 'ltd':4A,8A 'media':2A,6A, 1, null, 2, null, null, f, 1, null, 0.00, null, null, null, null, 0, 0, 0, 0, 0.00, 0.00, 2026-01-22 15:12:38.674254+00, chittorgarh_gmp, null, 63.8)."}
2026-01-22 15:12:53,577 - INFO - Browser closed
2026-01-22 15:17:15,335 - INFO - ================================================================================
2026-01-22 15:17:15,336 - INFO - [*] Starting FREE IPO Scraper...
2026-01-22 15:17:15,336 - INFO - ================================================================================
2026-01-22 15:17:16,355 - INFO - Browser initialized successfully
2026-01-22 15:17:16,357 - INFO - Scraping GMP data from chittorgarh_gmp...
2026-01-22 15:17:24,023 - INFO - Fetching https://www.chittorgarh.com/report/ipo-grey-market-premium-gmp-current-rate/83/ (attempt 1/3)
2026-01-22 15:17:30,445 - INFO - Successfully fetched 151602 bytes
2026-01-22 15:17:30,813 - INFO - Scraping subscription data from chittorgarh_subscription...
2026-01-22 15:17:34,010 - INFO - Fetching https://www.chittorgarh.com/report/ipo-subscription-status-live-bidding-data-bse-nse/21/ (attempt 1/3)
2026-01-22 15:17:36,421 - INFO - Successfully fetched 144632 bytes
2026-01-22 15:17:36,512 - INFO - Scraping dates from chittorgarh_dates...
2026-01-22 15:17:42,531 - INFO - Fetching https://www.chittorgarh.com/ipo/ipo_dashboard.asp (attempt 1/3)
2026-01-22 15:17:46,314 - INFO - Successfully fetched 155513 bytes
2026-01-22 15:17:46,431 - WARNING - Skipping Amagi Media Labs Ltd. IPO (Missing open/close dates)
2026-01-22 15:17:46,432 - WARNING - Skipping Shadowfax Technologies IPO (Missing open/close dates)
2026-01-22 15:17:46,432 - WARNING - Skipping Bharat Coking Coal Ltd. IPO (Missing open/close dates)
2026-01-22 15:17:46,433 - WARNING - Skipping Shadowfax Technologies Ltd. IPO CT (Missing open/close dates)
2026-01-22 15:17:46,433 - ERROR - [ERROR] No valid data found after filtering
2026-01-22 15:20:33,539 - INFO - Fetching https://www.chittorgarh.com/report/ipo-grey-market-premium-gmp-current-rate/83/ (attempt 1/3)
2026-01-22 15:20:35,458 - INFO - Fetching https://www.chittorgarh.com/report/ipo-subscription-status-live-bidding-data-bse-nse/21/ (attempt 1/3)
2026-01-22 15:20:37,093 - INFO - [OK] Scraped 3 from Subscription source
2026-01-22 15:20:37,190 - INFO - Fetching https://www.chittorgarh.com/ipo/ipo_dashboard.asp (attempt 1/3)
2026-01-22 15:20:39,026 - INFO - [OK] Scraped 0 from Dates source
2026-01-22 15:20:39,026 - INFO - Uploading 3 IPOs to Supabase...
2026-01-22 15:20:40,098 - INFO - HTTP Request: POST https://ursmmtopuompthdnxznz.supabase.co/rest/v1/ipos?on_conflict=slug&columns=%22company_name%22%2C%22subscription_retail%22%2C%22subscription_nii%22%2C%22updated_at%22%2C%22status%22%2C%22slug%22%2C%22subscription_total%22%2C%22ipo_name%22%2C%22close_date%22%2C%22open_date%22%2C%22subscription_updated_at%22%2C%22subscription_qib%22%2C%22lot_size%22%2C%22category%22 "HTTP/2 201 Created"
2026-01-22 15:20:40,101 - INFO - Uploaded chunk 1
2026-01-22 15:20:40,101 - INFO - SUCCESS: All data uploaded.
